Error: Can't open display: (null)
fasttext
L1 Log Reg
1
2
3
4
5
6
7
8
9
10
L2 Log Reg
1
2
3
4
5
6
7
8
9
10
KNN-3
1
2
3
4
5
6
7
8
9
10
KNN-5
1
2
3
4
5
6
7
8
9
10
KNN-10
1
2
3
4
5
6
7
8
9
10
Linear SVM
1
2
3
4
5
6
7
8
9
10
RBF SVM
1
2
3
4
5
6
7
8
9
10
MLP
1
2
3
4
5
6
7
8
9
10
Naive Bayes
1
2
3
4
5
6
7
8
9
10
QDA
1
2
3
4
5
6
7
8
9
10
{'fasttext_L1 Log Reg': {'accuracy': 0.8881535132716291, 'auprc': 0.8373583798270344, 'precision': 0.8822744933039134, 'recall': 0.8872300590871909, 'f1': 0.884733395494481, 'auroc': 0.8881236495662972}, 'fasttext_L2 Log Reg': {'accuracy': 0.8870239526562906, 'auprc': 0.8351037310475917, 'precision': 0.8790277173520187, 'recall': 0.8888086445572065, 'f1': 0.8838748662185747, 'auroc': 0.8870761127466992}, 'fasttext_KNN-3': {'accuracy': 0.8484389888241761, 'auprc': 0.8153079139095942, 'precision': 0.9306027141875383, 'recall': 0.7419929819777128, 'f1': 0.8256192292955757, 'auroc': 0.8451191926576014}, 'fasttext_KNN-5': {'accuracy': 0.8449375423027021, 'auprc': 0.8145675228383199, 'precision': 0.9388114347191117, 'recall': 0.7268947685411191, 'f1': 0.8193352851445687, 'auroc': 0.8412652909077314}, 'fasttext_KNN-10': {'accuracy': 0.8136719730454913, 'auprc': 0.7884872545538107, 'precision': 0.9569691446256489, 'recall': 0.6438303799063373, 'f1': 0.7697215214753121, 'auroc': 0.8083807991290086}, 'fasttext_Linear SVM': {'accuracy': 0.8881760866212355, 'auprc': 0.8365269631538265, 'precision': 0.879953517245028, 'recall': 0.8903543884616631, 'f1': 0.8851025580954319, 'auroc': 0.8882471425601564}, 'fasttext_RBF SVM': {'accuracy': 0.9169791091126209, 'auprc': 0.8745329231020035, 'precision': 0.9071601856287017, 'recall': 0.9229215188172823, 'f1': 0.9149402957178866, 'auroc': 0.9171957535542813}, 'fasttext_MLP': {'accuracy': 0.9324310645220131, 'auprc': 0.9018092270888172, 'precision': 0.9370812652462279, 'recall': 0.9222779107615452, 'f1': 0.9295780837920304, 'auroc': 0.9321114863987511}, 'fasttext_Naive Bayes': {'accuracy': 0.825486659063621, 'auprc': 0.759154330246856, 'precision': 0.8197574334360118, 'recall': 0.8195472298284125, 'f1': 0.8196065839426726, 'auroc': 0.825328552454577}, 'fasttext_QDA': {'accuracy': 0.9021145201195759, 'auprc': 0.8609009794169096, 'precision': 0.9095018840104206, 'recall': 0.8858202652030798, 'f1': 0.897480069422761, 'auroc': 0.9016240615250476}}
