Error: Can't open display: (null)
glove
L1 Log Reg
1
2
3
4
5
6
7
8
9
10
L2 Log Reg
1
2
3
4
5
6
/mnt/home/hawki235/anaconda3/lib/python3.7/site-packages/sklearn/linear_model/_logistic.py:764: ConvergenceWarning: lbfgs failed to converge (status=1):
STOP: TOTAL NO. of ITERATIONS REACHED LIMIT.

Increase the number of iterations (max_iter) or scale the data as shown in:
    https://scikit-learn.org/stable/modules/preprocessing.html
Please also refer to the documentation for alternative solver options:
    https://scikit-learn.org/stable/modules/linear_model.html#logistic-regression
  extra_warning_msg=_LOGISTIC_SOLVER_CONVERGENCE_MSG)
7
8
9
10
KNN-3
1
2
3
4
5
6
7
8
9
10
KNN-5
1
2
3
4
5
6
7
8
9
10
KNN-10
1
2
3
4
5
6
7
8
9
10
Linear SVM
1
2
3
4
5
6
7
8
9
10
RBF SVM
1
2
3
4
5
6
7
8
9
10
MLP
1
2
3
4
5
6
7
8
9
10
Naive Bayes
1
2
3
4
5
6
7
8
9
10
QDA
1
2
3
4
5
6
7
8
9
10
{'glove_L1 Log Reg': {'accuracy': 0.8516467776556196, 'auprc': 0.7914545776309347, 'precision': 0.8478357935002194, 'recall': 0.8450665391761657, 'f1': 0.8464299334881462, 'auroc': 0.8514430410138271}, 'glove_L2 Log Reg': {'accuracy': 0.851307917126461, 'auprc': 0.7910381872514786, 'precision': 0.8475018643482664, 'recall': 0.8446919285524255, 'f1': 0.8460782247741996, 'auroc': 0.851098670487862}, 'glove_KNN-3': {'accuracy': 0.857904678710754, 'auprc': 0.8184138809341359, 'precision': 0.9114927539833086, 'recall': 0.782327747862976, 'f1': 0.8419533894023704, 'auroc': 0.8555515145576349}, 'glove_KNN-5': {'accuracy': 0.8598248271324416, 'auprc': 0.8227999323953885, 'precision': 0.9189478052760865, 'recall': 0.7790111658119974, 'f1': 0.8431875276032302, 'auroc': 0.8573224448080137}, 'glove_KNN-10': {'accuracy': 0.8418651680507537, 'auprc': 0.8099739322450453, 'precision': 0.9341767245543044, 'recall': 0.7241708976176742, 'f1': 0.8158588215627546, 'auroc': 0.8381931635237867}, 'glove_Linear SVM': {'accuracy': 0.8520081962234984, 'auprc': 0.7917336506551943, 'precision': 0.8476313660126132, 'recall': 0.8462855967852173, 'f1': 0.8469414408294582, 'auroc': 0.8518287525387864}, 'glove_RBF SVM': {'accuracy': 0.8953822878158724, 'auprc': 0.8475036346709246, 'precision': 0.8910378081766993, 'recall': 0.8930365069947429, 'f1': 0.8920120162987372, 'auroc': 0.8953251508129842}, 'glove_MLP': {'accuracy': 0.9081010714455957, 'auprc': 0.868726532333565, 'precision': 0.9145864033614222, 'recall': 0.8936372967425201, 'f1': 0.9039311810186718, 'auroc': 0.9076202307483495}, 'glove_Naive Bayes': {'accuracy': 0.8168796598043617, 'auprc': 0.7549107999938827, 'precision': 0.8315744439131375, 'recall': 0.7794524986452468, 'f1': 0.8046391012578195, 'auroc': 0.8157226540042887}, 'glove_QDA': {'accuracy': 0.8624903247959494, 'auprc': 0.812630786689447, 'precision': 0.881236642406936, 'recall': 0.8273480602676665, 'f1': 0.8534001216443432, 'auroc': 0.861426179977631}}
